C:\USERS\ADMINISTRATOR.ZGC-20121015TEI\DESKTOP\计组课程设计\MMWINDOW\DEBUG\MMWINDOW.EXE
C:\USERS\ADMINISTRATOR.ZGC-20121015TEI\DESKTOP\计组课程设计\MMWINDOW\DEBUG\MMWINDOW.ILK
C:\USERS\ADMINISTRATOR.ZGC-20121015TEI\DESKTOP\计组课程设计\MMWINDOW\DEBUG\MMWINDOW.PDB
C:\USERS\ADMINISTRATOR.ZGC-20121015TEI\DESKTOP\计组课程设计\MMWINDOW\MMWINDOW\DEBUG\ANIMATION.OBJ
C:\Users\Administrator.ZGC-20121015TEI\Desktop\计组课程设计\MMWindow\MMWindow\Debug\cl.command.1.tlog
C:\Users\Administrator.ZGC-20121015TEI\Desktop\计组课程设计\MMWindow\MMWindow\Debug\CL.read.1.tlog
C:\Users\Administrator.ZGC-20121015TEI\Desktop\计组课程设计\MMWindow\MMWindow\Debug\CL.write.1.tlog
C:\USERS\ADMINISTRATOR.ZGC-20121015TEI\DESKTOP\计组课程设计\MMWINDOW\MMWINDOW\DEBUG\CPU.OBJ
C:\USERS\ADMINISTRATOR.ZGC-20121015TEI\DESKTOP\计组课程设计\MMWINDOW\MMWINDOW\DEBUG\CPUOPERATOR.OBJ
C:\USERS\ADMINISTRATOR.ZGC-20121015TEI\DESKTOP\计组课程设计\MMWINDOW\MMWINDOW\DEBUG\CSHOCKWAVEFLASH.OBJ
C:\Users\Administrator.ZGC-20121015TEI\Desktop\计组课程设计\MMWindow\MMWindow\Debug\link.6164.read.1.tlog
C:\Users\Administrator.ZGC-20121015TEI\Desktop\计组课程设计\MMWindow\MMWindow\Debug\link.6164.write.1.tlog
C:\Users\Administrator.ZGC-20121015TEI\Desktop\计组课程设计\MMWindow\MMWindow\Debug\link.6164-cvtres.read.1.tlog
C:\Users\Administrator.ZGC-20121015TEI\Desktop\计组课程设计\MMWindow\MMWindow\Debug\link.6164-cvtres.write.1.tlog
C:\Users\Administrator.ZGC-20121015TEI\Desktop\计组课程设计\MMWindow\MMWindow\Debug\link.7408.read.1.tlog
C:\Users\Administrator.ZGC-20121015TEI\Desktop\计组课程设计\MMWindow\MMWindow\Debug\link.7408.write.1.tlog
C:\Users\Administrator.ZGC-20121015TEI\Desktop\计组课程设计\MMWindow\MMWindow\Debug\link.7408-cvtres.read.1.tlog
C:\Users\Administrator.ZGC-20121015TEI\Desktop\计组课程设计\MMWindow\MMWindow\Debug\link.7408-cvtres.write.1.tlog
C:\Users\Administrator.ZGC-20121015TEI\Desktop\计组课程设计\MMWindow\MMWindow\Debug\link.8436.read.1.tlog
C:\Users\Administrator.ZGC-20121015TEI\Desktop\计组课程设计\MMWindow\MMWindow\Debug\link.8436.write.1.tlog
C:\Users\Administrator.ZGC-20121015TEI\Desktop\计组课程设计\MMWindow\MMWindow\Debug\link.8436-cvtres.read.1.tlog
C:\Users\Administrator.ZGC-20121015TEI\Desktop\计组课程设计\MMWindow\MMWindow\Debug\link.8436-cvtres.write.1.tlog
C:\Users\Administrator.ZGC-20121015TEI\Desktop\计组课程设计\MMWindow\MMWindow\Debug\link.8804.read.1.tlog
C:\Users\Administrator.ZGC-20121015TEI\Desktop\计组课程设计\MMWindow\MMWindow\Debug\link.8804.write.1.tlog
C:\Users\Administrator.ZGC-20121015TEI\Desktop\计组课程设计\MMWindow\MMWindow\Debug\link.8804-cvtres.read.1.tlog
C:\Users\Administrator.ZGC-20121015TEI\Desktop\计组课程设计\MMWindow\MMWindow\Debug\link.8804-cvtres.write.1.tlog
C:\Users\Administrator.ZGC-20121015TEI\Desktop\计组课程设计\MMWindow\MMWindow\Debug\link.9120.read.1.tlog
C:\Users\Administrator.ZGC-20121015TEI\Desktop\计组课程设计\MMWindow\MMWindow\Debug\link.9120.write.1.tlog
C:\Users\Administrator.ZGC-20121015TEI\Desktop\计组课程设计\MMWindow\MMWindow\Debug\link.9120-cvtres.read.1.tlog
C:\Users\Administrator.ZGC-20121015TEI\Desktop\计组课程设计\MMWindow\MMWindow\Debug\link.9120-cvtres.write.1.tlog
C:\Users\Administrator.ZGC-20121015TEI\Desktop\计组课程设计\MMWindow\MMWindow\Debug\link.command.1.tlog
C:\Users\Administrator.ZGC-20121015TEI\Desktop\计组课程设计\MMWindow\MMWindow\Debug\link.read.1.tlog
C:\Users\Administrator.ZGC-20121015TEI\Desktop\计组课程设计\MMWindow\MMWindow\Debug\link.write.1.tlog
C:\Users\Administrator.ZGC-20121015TEI\Desktop\计组课程设计\MMWindow\MMWindow\Debug\link-cvtres.read.1.tlog
C:\Users\Administrator.ZGC-20121015TEI\Desktop\计组课程设计\MMWindow\MMWindow\Debug\link-cvtres.write.1.tlog
C:\USERS\ADMINISTRATOR.ZGC-20121015TEI\DESKTOP\计组课程设计\MMWINDOW\MMWINDOW\DEBUG\LOADAPPPAGE.OBJ
C:\USERS\ADMINISTRATOR.ZGC-20121015TEI\DESKTOP\计组课程设计\MMWINDOW\MMWINDOW\DEBUG\MAINMEMORY.OBJ
C:\USERS\ADMINISTRATOR.ZGC-20121015TEI\DESKTOP\计组课程设计\MMWINDOW\MMWINDOW\DEBUG\MAINPAGE.OBJ
C:\USERS\ADMINISTRATOR.ZGC-20121015TEI\DESKTOP\计组课程设计\MMWINDOW\MMWINDOW\DEBUG\MEMORYCHECKER.OBJ
C:\USERS\ADMINISTRATOR.ZGC-20121015TEI\DESKTOP\计组课程设计\MMWINDOW\MMWINDOW\DEBUG\MMWINDOW.EXE.EMBED.MANIFEST
C:\USERS\ADMINISTRATOR.ZGC-20121015TEI\DESKTOP\计组课程设计\MMWINDOW\MMWINDOW\DEBUG\MMWINDOW.EXE.EMBED.MANIFEST.RES
C:\USERS\ADMINISTRATOR.ZGC-20121015TEI\DESKTOP\计组课程设计\MMWINDOW\MMWINDOW\DEBUG\MMWINDOW.EXE.INTERMEDIATE.MANIFEST
C:\USERS\ADMINISTRATOR.ZGC-20121015TEI\DESKTOP\计组课程设计\MMWINDOW\MMWINDOW\DEBUG\MMWINDOW.OBJ
C:\USERS\ADMINISTRATOR.ZGC-20121015TEI\DESKTOP\计组课程设计\MMWINDOW\MMWINDOW\DEBUG\MMWINDOW.PCH
C:\USERS\ADMINISTRATOR.ZGC-20121015TEI\DESKTOP\计组课程设计\MMWINDOW\MMWINDOW\DEBUG\MMWINDOW.RES
C:\Users\Administrator.ZGC-20121015TEI\Desktop\计组课程设计\MMWindow\MMWindow\Debug\MMWindow_manifest.rc
C:\USERS\ADMINISTRATOR.ZGC-20121015TEI\DESKTOP\计组课程设计\MMWINDOW\MMWINDOW\DEBUG\MMWINDOWDLG.OBJ
C:\Users\Administrator.ZGC-20121015TEI\Desktop\计组课程设计\MMWindow\MMWindow\Debug\mt.command.1.tlog
C:\Users\Administrator.ZGC-20121015TEI\Desktop\计组课程设计\MMWindow\MMWindow\Debug\mt.read.1.tlog
C:\Users\Administrator.ZGC-20121015TEI\Desktop\计组课程设计\MMWindow\MMWindow\Debug\mt.write.1.tlog
C:\USERS\ADMINISTRATOR.ZGC-20121015TEI\DESKTOP\计组课程设计\MMWINDOW\MMWINDOW\DEBUG\OPERATORS3.OBJ
C:\USERS\ADMINISTRATOR.ZGC-20121015TEI\DESKTOP\计组课程设计\MMWINDOW\MMWINDOW\DEBUG\PROCESSORBASE2.OBJ
C:\Users\Administrator.ZGC-20121015TEI\Desktop\计组课程设计\MMWindow\MMWindow\Debug\rc.command.1.tlog
C:\Users\Administrator.ZGC-20121015TEI\Desktop\计组课程设计\MMWindow\MMWindow\Debug\rc.read.1.tlog
C:\Users\Administrator.ZGC-20121015TEI\Desktop\计组课程设计\MMWindow\MMWindow\Debug\rc.write.1.tlog
C:\USERS\ADMINISTRATOR.ZGC-20121015TEI\DESKTOP\计组课程设计\MMWINDOW\MMWINDOW\DEBUG\STDAFX.OBJ
C:\USERS\ADMINISTRATOR.ZGC-20121015TEI\DESKTOP\计组课程设计\MMWINDOW\MMWINDOW\DEBUG\UTILS.OBJ
C:\Users\Administrator.ZGC-20121015TEI\Desktop\计组课程设计\MMWindow\MMWindow\Debug\vc100.idb
C:\USERS\ADMINISTRATOR.ZGC-20121015TEI\DESKTOP\计组课程设计\MMWINDOW\MMWINDOW\DEBUG\VC100.PDB
