生成启动时间为 2013/12/12 22:21:27。
     1>项目“C:\Users\Administrator.ZGC-20121015TEI\Desktop\计组课程设计\ModelMachine\ModelMachine\ModelMachine.vcxproj”在节点 2 上(build 个目标)。
     1>InitializeBuildStatus:
         正在创建“Debug\ModelMachine.unsuccessfulbuild”，因为已指定“AlwaysCreate”。
       ClCompile:
         D:\VC2010\VC\bin\CL.exe /c /ZI /nologo /W3 /WX- /Od /Oy- /D WIN32 /D _DEBUG /D _CONSOLE /D _UNICODE /D UNICODE /Gm /EHsc /RTC1 /MDd /GS /fp:precise /Zc:wchar_t /Zc:forScope /Fo"Debug\\" /Fd"Debug\vc100.pdb" /Gd /TP /analyze- /errorReport:prompt ProcessorBase2.cpp
         ProcessorBase2.cpp
       ManifestResourceCompile:
         所有输出均为最新。
       Link:
         D:\VC2010\VC\bin\link.exe /ERRORREPORT:PROMPT /OUT:"C:\Users\Administrator.ZGC-20121015TEI\Desktop\计组课程设计\ModelMachine\Debug\ModelMachine.exe" /INCREMENTAL /NOLOGO kernel32.lib user32.lib gdi32.lib winspool.lib comdlg32.lib advapi32.lib shell32.lib ole32.lib oleaut32.lib uuid.lib odbc32.lib odbccp32.lib /MANIFEST /ManifestFile:"Debug\ModelMachine.exe.intermediate.manifest" /MANIFESTUAC:"level='asInvoker' uiAccess='false'" /DEBUG /PDB:"C:\Users\Administrator.ZGC-20121015TEI\Desktop\计组课程设计\ModelMachine\Debug\ModelMachine.pdb" /SUBSYSTEM:CONSOLE /TLBID:1 /DYNAMICBASE /NXCOMPAT /IMPLIB:"C:\Users\Administrator.ZGC-20121015TEI\Desktop\计组课程设计\ModelMachine\Debug\ModelMachine.lib" /MACHINE:X86 Debug\ModelMachine.exe.embed.manifest.res
         Debug\CPU.obj
         Debug\CPUOperator.obj
         Debug\MainMemory.obj
         Debug\ModelMachine.obj
         Debug\operators3.obj
         Debug\ProcessorBase2.obj
         Debug\stdafx.obj
       Manifest:
         C:\Program Files (x86)\Microsoft SDKs\Windows\v7.0A\bin\mt.exe /nologo /verbose /out:"Debug\ModelMachine.exe.embed.manifest" /manifest Debug\ModelMachine.exe.intermediate.manifest
         所有输出均为最新。
       LinkEmbedManifest:
         所有输出均为最新。
         ModelMachine.vcxproj -> C:\Users\Administrator.ZGC-20121015TEI\Desktop\计组课程设计\ModelMachine\Debug\ModelMachine.exe
       FinalizeBuildStatus:
         正在删除文件“Debug\ModelMachine.unsuccessfulbuild”。
         正在对“Debug\ModelMachine.lastbuildstate”执行 Touch 任务。
     1>已完成生成项目“C:\Users\Administrator.ZGC-20121015TEI\Desktop\计组课程设计\ModelMachine\ModelMachine\ModelMachine.vcxproj”(build 个目标)的操作。

生成成功。

已用时间 00:00:02.62
